{
"contracts\\NFTDutchAuctionERC20Bids.sol":{"l":{"31":4,"33":4,"34":4,"35":4,"36":4,"37":4,"38":4,"40":4,"41":4,"43":4,"48":3,"49":3,"56":11,"57":11,"58":2,"60":9,"66":11,"69":10,"75":8,"77":8,"82":6,"89":4,"90":4,"91":4,"93":4},"path":"C:\\Users\\Utsav Chadha\\Neu Assignments\\Crypto\\dutchauction\\v3.0\\contracts\\NFTDutchAuctionERC20Bids.sol","s":{"1":4,"2":11,"3":11,"4":2,"5":9,"6":11,"7":10,"8":8,"9":8,"10":6,"11":4,"12":4,"13":4},"b":{"1":[3,1],"2":[2,9],"3":[10,1],"4":[8,2],"5":[6,2],"6":[4,2]},"f":{"1":4,"2":11,"3":11},"fnMap":{"1":{"name":"constructor","line":23,"loc":{"start":{"line":23,"column":4},"end":{"line":52,"column":4}}},"2":{"name":"getCurrentPrice","line":55,"loc":{"start":{"line":55,"column":4},"end":{"line":62,"column":4}}},"3":{"name":"bid","line":64,"loc":{"start":{"line":64,"column":4},"end":{"line":94,"column":4}}}},"statementMap":{"1":{"start":{"line":43,"column":8},"end":{"line":43,"column":1379}},"2":{"start":{"line":56,"column":8},"end":{"line":56,"column":57}},"3":{"start":{"line":57,"column":8},"end":{"line":57,"column":1866}},"4":{"start":{"line":58,"column":12},"end":{"line":58,"column":31}},"5":{"start":{"line":60,"column":12},"end":{"line":60,"column":71}},"6":{"start":{"line":66,"column":8},"end":{"line":66,"column":69}},"7":{"start":{"line":69,"column":8},"end":{"line":69,"column":2304}},"8":{"start":{"line":75,"column":8},"end":{"line":75,"column":48}},"9":{"start":{"line":77,"column":8},"end":{"line":77,"column":2630}},"10":{"start":{"line":82,"column":8},"end":{"line":82,"column":2810}},"11":{"start":{"line":90,"column":8},"end":{"line":90,"column":54}},"12":{"start":{"line":91,"column":8},"end":{"line":91,"column":50}},"13":{"start":{"line":93,"column":8},"end":{"line":93,"column":21}}},"branchMap":{"1":{"line":43,"type":"if","locations":[{"start":{"line":43,"column":8},"end":{"line":43,"column":8}},{"start":{"line":43,"column":8},"end":{"line":43,"column":8}}]},"2":{"line":57,"type":"if","locations":[{"start":{"line":57,"column":8},"end":{"line":57,"column":8}},{"start":{"line":57,"column":8},"end":{"line":57,"column":8}}]},"3":{"line":66,"type":"if","locations":[{"start":{"line":66,"column":8},"end":{"line":66,"column":8}},{"start":{"line":66,"column":8},"end":{"line":66,"column":8}}]},"4":{"line":69,"type":"if","locations":[{"start":{"line":69,"column":8},"end":{"line":69,"column":8}},{"start":{"line":69,"column":8},"end":{"line":69,"column":8}}]},"5":{"line":77,"type":"if","locations":[{"start":{"line":77,"column":8},"end":{"line":77,"column":8}},{"start":{"line":77,"column":8},"end":{"line":77,"column":8}}]},"6":{"line":82,"type":"if","locations":[{"start":{"line":82,"column":8},"end":{"line":82,"column":8}},{"start":{"line":82,"column":8},"end":{"line":82,"column":8}}]}}},
"contracts\\RandomMusicNFT.sol":{"l":{"18":9,"19":9,"20":9,"22":9,"23":9},"path":"C:\\Users\\Utsav Chadha\\Neu Assignments\\Crypto\\dutchauction\\v3.0\\contracts\\RandomMusicNFT.sol","s":{"1":9,"2":9,"3":9,"4":9,"5":9},"b":{"1":[9,1]},"f":{"1":6,"2":9},"fnMap":{"1":{"name":"constructor","line":12,"loc":{"start":{"line":12,"column":4},"end":{"line":12,"column":52}}},"2":{"name":"mintNFT","line":17,"loc":{"start":{"line":14,"column":4},"end":{"line":24,"column":4}}}},"statementMap":{"1":{"start":{"line":18,"column":8},"end":{"line":18,"column":48}},"2":{"start":{"line":19,"column":8},"end":{"line":19,"column":35}},"3":{"start":{"line":20,"column":8},"end":{"line":20,"column":41}},"4":{"start":{"line":22,"column":8},"end":{"line":22,"column":28}},"5":{"start":{"line":23,"column":8},"end":{"line":23,"column":25}}},"branchMap":{"1":{"line":17,"type":"if","locations":[{"start":{"line":17,"column":13},"end":{"line":17,"column":13}},{"start":{"line":17,"column":13},"end":{"line":17,"column":13}}]}}},
"contracts\\TempoToken.sol":{"l":{"9":6,"13":5},"path":"C:\\Users\\Utsav Chadha\\Neu Assignments\\Crypto\\dutchauction\\v3.0\\contracts\\TempoToken.sol","s":{"1":6,"2":5},"b":{"1":[5,1]},"f":{"1":6,"2":5},"fnMap":{"1":{"name":"constructor","line":8,"loc":{"start":{"line":8,"column":4},"end":{"line":10,"column":4}}},"2":{"name":"mint","line":12,"loc":{"start":{"line":12,"column":4},"end":{"line":14,"column":4}}}},"statementMap":{"1":{"start":{"line":9,"column":8},"end":{"line":9,"column":31}},"2":{"start":{"line":13,"column":8},"end":{"line":13,"column":24}}},"branchMap":{"1":{"line":12,"type":"if","locations":[{"start":{"line":12,"column":53},"end":{"line":12,"column":53}},{"start":{"line":12,"column":53},"end":{"line":12,"column":53}}]}}}}
