TN:
SF:C:\Users\Utsav Chadha\Neu Assignments\Crypto\dutchauction\v3.0\contracts\NFTDutchAuctionERC20Bids.sol
FN:23,constructor
FN:55,getCurrentPrice
FN:64,bid
FNF:3
FNH:3
FNDA:4,constructor
FNDA:11,getCurrentPrice
FNDA:11,bid
DA:31,4
DA:33,4
DA:34,4
DA:35,4
DA:36,4
DA:37,4
DA:38,4
DA:40,4
DA:41,4
DA:43,4
DA:48,3
DA:49,3
DA:56,11
DA:57,11
DA:58,2
DA:60,9
DA:66,11
DA:69,10
DA:75,8
DA:77,8
DA:82,6
DA:89,4
DA:90,4
DA:91,4
DA:93,4
LF:25
LH:25
BRDA:43,1,0,3
BRDA:43,1,1,1
BRDA:57,2,0,2
BRDA:57,2,1,9
BRDA:66,3,0,10
BRDA:66,3,1,1
BRDA:69,4,0,8
BRDA:69,4,1,2
BRDA:77,5,0,6
BRDA:77,5,1,2
BRDA:82,6,0,4
BRDA:82,6,1,2
BRF:12
BRH:12
end_of_record
TN:
SF:C:\Users\Utsav Chadha\Neu Assignments\Crypto\dutchauction\v3.0\contracts\RandomMusicNFT.sol
FN:12,constructor
FN:17,mintNFT
FNF:2
FNH:2
FNDA:6,constructor
FNDA:9,mintNFT
DA:18,9
DA:19,9
DA:20,9
DA:22,9
DA:23,9
LF:5
LH:5
BRDA:17,1,0,9
BRDA:17,1,1,1
BRF:2
BRH:2
end_of_record
TN:
SF:C:\Users\Utsav Chadha\Neu Assignments\Crypto\dutchauction\v3.0\contracts\TempoToken.sol
FN:8,constructor
FN:12,mint
FNF:2
FNH:2
FNDA:6,constructor
FNDA:5,mint
DA:9,6
DA:13,5
LF:2
LH:2
BRDA:12,1,0,5
BRDA:12,1,1,1
BRF:2
BRH:2
end_of_record
