{
"contracts\\NFTDutchAuctionERC20Bids_v2.sol":{"l":{"36":0,"37":0,"39":0,"40":0,"41":0,"42":0,"43":0,"44":0,"46":0,"47":0,"49":0,"54":0,"55":0,"62":11,"63":11,"64":5,"66":6,"71":1,"80":11,"83":10,"89":8,"91":8,"96":6,"103":4,"104":4,"105":4,"107":4},"path":"S:\\INFO-7500\\info7500\\v4.0\\contracts\\NFTDutchAuctionERC20Bids_v2.sol","s":{"1":0,"2":0,"3":0,"4":11,"5":11,"6":5,"7":6,"8":1,"9":11,"10":10,"11":8,"12":8,"13":6,"14":4,"15":4,"16":4},"b":{"1":[0,1],"2":[0,0],"3":[5,6],"4":[1,0],"5":[10,1],"6":[8,2],"7":[6,2],"8":[4,2]},"f":{"1":0,"2":11,"3":1,"4":1,"5":11},"fnMap":{"1":{"name":"initialize","line":35,"loc":{"start":{"line":28,"column":4},"end":{"line":58,"column":4}}},"2":{"name":"getCurrentPrice","line":61,"loc":{"start":{"line":61,"column":4},"end":{"line":68,"column":4}}},"3":{"name":"getVersion","line":70,"loc":{"start":{"line":70,"column":4},"end":{"line":72,"column":4}}},"4":{"name":"_authorizeUpgrade","line":76,"loc":{"start":{"line":74,"column":4},"end":{"line":76,"column":35}}},"5":{"name":"bid","line":78,"loc":{"start":{"line":78,"column":4},"end":{"line":108,"column":4}}}},"statementMap":{"1":{"start":{"line":36,"column":8},"end":{"line":36,"column":23}},"2":{"start":{"line":37,"column":8},"end":{"line":37,"column":31}},"3":{"start":{"line":49,"column":8},"end":{"line":49,"column":1631}},"4":{"start":{"line":62,"column":8},"end":{"line":62,"column":57}},"5":{"start":{"line":63,"column":8},"end":{"line":63,"column":2134}},"6":{"start":{"line":64,"column":12},"end":{"line":64,"column":31}},"7":{"start":{"line":66,"column":12},"end":{"line":66,"column":71}},"8":{"start":{"line":71,"column":8},"end":{"line":71,"column":16}},"9":{"start":{"line":80,"column":8},"end":{"line":80,"column":69}},"10":{"start":{"line":83,"column":8},"end":{"line":83,"column":2777}},"11":{"start":{"line":89,"column":8},"end":{"line":89,"column":48}},"12":{"start":{"line":91,"column":8},"end":{"line":91,"column":3111}},"13":{"start":{"line":96,"column":8},"end":{"line":96,"column":3296}},"14":{"start":{"line":104,"column":8},"end":{"line":104,"column":56}},"15":{"start":{"line":105,"column":8},"end":{"line":105,"column":52}},"16":{"start":{"line":107,"column":8},"end":{"line":107,"column":21}}},"branchMap":{"1":{"line":35,"type":"if","locations":[{"start":{"line":35,"column":13},"end":{"line":35,"column":13}},{"start":{"line":35,"column":13},"end":{"line":35,"column":13}}]},"2":{"line":49,"type":"if","locations":[{"start":{"line":49,"column":8},"end":{"line":49,"column":8}},{"start":{"line":49,"column":8},"end":{"line":49,"column":8}}]},"3":{"line":63,"type":"if","locations":[{"start":{"line":63,"column":8},"end":{"line":63,"column":8}},{"start":{"line":63,"column":8},"end":{"line":63,"column":8}}]},"4":{"line":76,"type":"if","locations":[{"start":{"line":76,"column":24},"end":{"line":76,"column":24}},{"start":{"line":76,"column":24},"end":{"line":76,"column":24}}]},"5":{"line":80,"type":"if","locations":[{"start":{"line":80,"column":8},"end":{"line":80,"column":8}},{"start":{"line":80,"column":8},"end":{"line":80,"column":8}}]},"6":{"line":83,"type":"if","locations":[{"start":{"line":83,"column":8},"end":{"line":83,"column":8}},{"start":{"line":83,"column":8},"end":{"line":83,"column":8}}]},"7":{"line":91,"type":"if","locations":[{"start":{"line":91,"column":8},"end":{"line":91,"column":8}},{"start":{"line":91,"column":8},"end":{"line":91,"column":8}}]},"8":{"line":96,"type":"if","locations":[{"start":{"line":96,"column":8},"end":{"line":96,"column":8}},{"start":{"line":96,"column":8},"end":{"line":96,"column":8}}]}}},
"contracts\\NFTDutchAuctionERC20Bids.sol":{"l":{"36":7,"37":7,"39":7,"40":7,"41":7,"42":7,"43":7,"44":7,"46":7,"47":7,"49":7,"54":6,"55":6,"62":11,"63":11,"64":2,"66":9,"76":11,"79":10,"85":8,"87":8,"92":6,"99":4,"100":4,"101":4,"103":4},"path":"S:\\INFO-7500\\info7500\\v4.0\\contracts\\NFTDutchAuctionERC20Bids.sol","s":{"1":7,"2":7,"3":7,"4":11,"5":11,"6":2,"7":9,"8":11,"9":10,"10":8,"11":8,"12":6,"13":4,"14":4,"15":4},"b":{"1":[7,1],"2":[6,1],"3":[2,9],"4":[1,0],"5":[10,1],"6":[8,2],"7":[6,2],"8":[4,2]},"f":{"1":7,"2":11,"3":1,"4":11},"fnMap":{"1":{"name":"initialize","line":35,"loc":{"start":{"line":28,"column":4},"end":{"line":58,"column":4}}},"2":{"name":"getCurrentPrice","line":61,"loc":{"start":{"line":61,"column":4},"end":{"line":68,"column":4}}},"3":{"name":"_authorizeUpgrade","line":72,"loc":{"start":{"line":70,"column":4},"end":{"line":72,"column":35}}},"4":{"name":"bid","line":74,"loc":{"start":{"line":74,"column":4},"end":{"line":104,"column":4}}}},"statementMap":{"1":{"start":{"line":36,"column":8},"end":{"line":36,"column":23}},"2":{"start":{"line":37,"column":8},"end":{"line":37,"column":31}},"3":{"start":{"line":49,"column":8},"end":{"line":49,"column":1628}},"4":{"start":{"line":62,"column":8},"end":{"line":62,"column":57}},"5":{"start":{"line":63,"column":8},"end":{"line":63,"column":2131}},"6":{"start":{"line":64,"column":12},"end":{"line":64,"column":31}},"7":{"start":{"line":66,"column":12},"end":{"line":66,"column":71}},"8":{"start":{"line":76,"column":8},"end":{"line":76,"column":69}},"9":{"start":{"line":79,"column":8},"end":{"line":79,"column":2689}},"10":{"start":{"line":85,"column":8},"end":{"line":85,"column":48}},"11":{"start":{"line":87,"column":8},"end":{"line":87,"column":3023}},"12":{"start":{"line":92,"column":8},"end":{"line":92,"column":3208}},"13":{"start":{"line":100,"column":8},"end":{"line":100,"column":56}},"14":{"start":{"line":101,"column":8},"end":{"line":101,"column":52}},"15":{"start":{"line":103,"column":8},"end":{"line":103,"column":21}}},"branchMap":{"1":{"line":35,"type":"if","locations":[{"start":{"line":35,"column":13},"end":{"line":35,"column":13}},{"start":{"line":35,"column":13},"end":{"line":35,"column":13}}]},"2":{"line":49,"type":"if","locations":[{"start":{"line":49,"column":8},"end":{"line":49,"column":8}},{"start":{"line":49,"column":8},"end":{"line":49,"column":8}}]},"3":{"line":63,"type":"if","locations":[{"start":{"line":63,"column":8},"end":{"line":63,"column":8}},{"start":{"line":63,"column":8},"end":{"line":63,"column":8}}]},"4":{"line":72,"type":"if","locations":[{"start":{"line":72,"column":24},"end":{"line":72,"column":24}},{"start":{"line":72,"column":24},"end":{"line":72,"column":24}}]},"5":{"line":76,"type":"if","locations":[{"start":{"line":76,"column":8},"end":{"line":76,"column":8}},{"start":{"line":76,"column":8},"end":{"line":76,"column":8}}]},"6":{"line":79,"type":"if","locations":[{"start":{"line":79,"column":8},"end":{"line":79,"column":8}},{"start":{"line":79,"column":8},"end":{"line":79,"column":8}}]},"7":{"line":87,"type":"if","locations":[{"start":{"line":87,"column":8},"end":{"line":87,"column":8}},{"start":{"line":87,"column":8},"end":{"line":87,"column":8}}]},"8":{"line":92,"type":"if","locations":[{"start":{"line":92,"column":8},"end":{"line":92,"column":8}},{"start":{"line":92,"column":8},"end":{"line":92,"column":8}}]}}},
"contracts\\RandomMusicNFT.sol":{"l":{"18":10,"19":10,"20":10,"22":10,"23":10},"path":"S:\\INFO-7500\\info7500\\v4.0\\contracts\\RandomMusicNFT.sol","s":{"1":10,"2":10,"3":10,"4":10,"5":10},"b":{"1":[10,1]},"f":{"1":9,"2":10},"fnMap":{"1":{"name":"constructor","line":12,"loc":{"start":{"line":12,"column":4},"end":{"line":12,"column":52}}},"2":{"name":"mintNFT","line":17,"loc":{"start":{"line":14,"column":4},"end":{"line":24,"column":4}}}},"statementMap":{"1":{"start":{"line":18,"column":8},"end":{"line":18,"column":48}},"2":{"start":{"line":19,"column":8},"end":{"line":19,"column":35}},"3":{"start":{"line":20,"column":8},"end":{"line":20,"column":41}},"4":{"start":{"line":22,"column":8},"end":{"line":22,"column":28}},"5":{"start":{"line":23,"column":8},"end":{"line":23,"column":25}}},"branchMap":{"1":{"line":17,"type":"if","locations":[{"start":{"line":17,"column":13},"end":{"line":17,"column":13}},{"start":{"line":17,"column":13},"end":{"line":17,"column":13}}]}}},
"contracts\\TempoToken.sol":{"l":{"9":9,"13":6},"path":"S:\\INFO-7500\\info7500\\v4.0\\contracts\\TempoToken.sol","s":{"1":9,"2":6},"b":{"1":[6,1]},"f":{"1":9,"2":6},"fnMap":{"1":{"name":"constructor","line":8,"loc":{"start":{"line":8,"column":4},"end":{"line":10,"column":4}}},"2":{"name":"mint","line":12,"loc":{"start":{"line":12,"column":4},"end":{"line":14,"column":4}}}},"statementMap":{"1":{"start":{"line":9,"column":8},"end":{"line":9,"column":31}},"2":{"start":{"line":13,"column":8},"end":{"line":13,"column":24}}},"branchMap":{"1":{"line":12,"type":"if","locations":[{"start":{"line":12,"column":53},"end":{"line":12,"column":53}},{"start":{"line":12,"column":53},"end":{"line":12,"column":53}}]}}}}
