TN:
SF:S:\INFO-7500\info7500\v4.0\contracts\NFTDutchAuctionERC20Bids_v2.sol
FN:35,initialize
FN:61,getCurrentPrice
FN:70,getVersion
FN:76,_authorizeUpgrade
FN:78,bid
FNF:5
FNH:4
FNDA:0,initialize
FNDA:11,getCurrentPrice
FNDA:1,getVersion
FNDA:1,_authorizeUpgrade
FNDA:11,bid
DA:36,0
DA:37,0
DA:39,0
DA:40,0
DA:41,0
DA:42,0
DA:43,0
DA:44,0
DA:46,0
DA:47,0
DA:49,0
DA:54,0
DA:55,0
DA:62,11
DA:63,11
DA:64,5
DA:66,6
DA:71,1
DA:80,11
DA:83,10
DA:89,8
DA:91,8
DA:96,6
DA:103,4
DA:104,4
DA:105,4
DA:107,4
LF:27
LH:14
BRDA:35,1,0,0
BRDA:35,1,1,1
BRDA:49,2,0,0
BRDA:49,2,1,0
BRDA:63,3,0,5
BRDA:63,3,1,6
BRDA:76,4,0,1
BRDA:76,4,1,0
BRDA:80,5,0,10
BRDA:80,5,1,1
BRDA:83,6,0,8
BRDA:83,6,1,2
BRDA:91,7,0,6
BRDA:91,7,1,2
BRDA:96,8,0,4
BRDA:96,8,1,2
BRF:16
BRH:12
end_of_record
TN:
SF:S:\INFO-7500\info7500\v4.0\contracts\NFTDutchAuctionERC20Bids.sol
FN:35,initialize
FN:61,getCurrentPrice
FN:72,_authorizeUpgrade
FN:74,bid
FNF:4
FNH:4
FNDA:7,initialize
FNDA:11,getCurrentPrice
FNDA:1,_authorizeUpgrade
FNDA:11,bid
DA:36,7
DA:37,7
DA:39,7
DA:40,7
DA:41,7
DA:42,7
DA:43,7
DA:44,7
DA:46,7
DA:47,7
DA:49,7
DA:54,6
DA:55,6
DA:62,11
DA:63,11
DA:64,2
DA:66,9
DA:76,11
DA:79,10
DA:85,8
DA:87,8
DA:92,6
DA:99,4
DA:100,4
DA:101,4
DA:103,4
LF:26
LH:26
BRDA:35,1,0,7
BRDA:35,1,1,1
BRDA:49,2,0,6
BRDA:49,2,1,1
BRDA:63,3,0,2
BRDA:63,3,1,9
BRDA:72,4,0,1
BRDA:72,4,1,0
BRDA:76,5,0,10
BRDA:76,5,1,1
BRDA:79,6,0,8
BRDA:79,6,1,2
BRDA:87,7,0,6
BRDA:87,7,1,2
BRDA:92,8,0,4
BRDA:92,8,1,2
BRF:16
BRH:15
end_of_record
TN:
SF:S:\INFO-7500\info7500\v4.0\contracts\RandomMusicNFT.sol
FN:12,constructor
FN:17,mintNFT
FNF:2
FNH:2
FNDA:9,constructor
FNDA:10,mintNFT
DA:18,10
DA:19,10
DA:20,10
DA:22,10
DA:23,10
LF:5
LH:5
BRDA:17,1,0,10
BRDA:17,1,1,1
BRF:2
BRH:2
end_of_record
TN:
SF:S:\INFO-7500\info7500\v4.0\contracts\TempoToken.sol
FN:8,constructor
FN:12,mint
FNF:2
FNH:2
FNDA:9,constructor
FNDA:6,mint
DA:9,9
DA:13,6
LF:2
LH:2
BRDA:12,1,0,6
BRDA:12,1,1,1
BRF:2
BRH:2
end_of_record
